<?xml version="1.0" encoding="UTF-8"?>
<!-- Generated by org.testng.reporters.JUnitReportReporter -->
<testsuite skipped="0" hostname="MAA-5CG7350F4Z" name="org.newproj.NewClass" tests="2" failures="0" timestamp="12 Jan 2021 04:30:34 GMT" time="27.415" errors="0">
  <testcase name="initiate" time="23.186" classname="org.newproj.NewClass"/>
  <testcase name="txtDetails" time="4.229" classname="org.newproj.NewClass"/>
</testsuite> <!-- org.newproj.NewClass -->
